<?xml version="1.0" encoding="UTF-8"?>
<!-- Generated by org.testng.reporters.JUnitReportReporter -->
<testsuite hostname="DESKTOP-GPKURBV" failures="0" tests="14" name="runner.TestRunnertestNG" time="18.723" errors="0" timestamp="2023-11-13T12:12:48 CST" skipped="0">
  <testcase classname="runner.TestRunnertestNG" name="runScenario" time="0.438"/>
  <system-out/>
  <testcase classname="runner.TestRunnertestNG" name="runScenario" time="0.482"/>
  <system-out/>
  <testcase classname="runner.TestRunnertestNG" name="runScenario" time="0.794"/>
  <system-out/>
  <testcase classname="runner.TestRunnertestNG" name="runScenario" time="0.580"/>
  <system-out/>
  <testcase classname="runner.TestRunnertestNG" name="runScenario" time="0.445"/>
  <system-out/>
  <testcase classname="runner.TestRunnertestNG" name="runScenario" time="0.188"/>
  <system-out/>
  <testcase classname="runner.TestRunnertestNG" name="runScenario" time="0.173"/>
  <system-out/>
  <testcase classname="runner.TestRunnertestNG" name="runScenario" time="0.384"/>
  <system-out/>
  <testcase classname="runner.TestRunnertestNG" name="runScenario" time="0.205"/>
  <system-out/>
  <testcase classname="runner.TestRunnertestNG" name="runScenario" time="11.298"/>
  <system-out/>
  <testcase classname="runner.TestRunnertestNG" name="runScenario" time="0.785"/>
  <system-out/>
  <testcase classname="runner.TestRunnertestNG" name="runScenario" time="2.086"/>
  <system-out/>
  <testcase classname="runner.TestRunnertestNG" name="runScenario" time="0.473"/>
  <system-out/>
  <testcase classname="runner.TestRunnertestNG" name="runScenario" time="0.392"/>
  <system-out/>
</testsuite> <!-- runner.TestRunnertestNG -->
