<?xml version="1.0" encoding="UTF-8"?>
<!-- Generated by org.testng.reporters.JUnitReportReporter -->
<testsuite hostname="DESKTOP-GPKURBV" failures="0" tests="1" name="runner.TestRunnertestNG" time="15.451" errors="0" timestamp="2023-11-06T20:50:57 CST" skipped="0">
  <testcase classname="runner.TestRunnertestNG" name="runScenario" time="15.451"/>
  <system-out/>
</testsuite> <!-- runner.TestRunnertestNG -->
