<?xml version="1.0" encoding="UTF-8"?>
<!-- Generated by org.testng.reporters.JUnitReportReporter -->
<testsuite hostname="DESKTOP-GPKURBV" failures="0" tests="1" name="Standalone" time="0.004" errors="0" timestamp="2023-11-03T12:23:45 CDT" skipped="0">
  <testcase classname="Standalone" name="test" time="0.004"/>
  <system-out/>
</testsuite> <!-- Standalone -->
