<?xml version="1.0" encoding="UTF-8"?>
<!-- Generated by org.testng.reporters.JUnitReportReporter -->
<testsuite hostname="DESKTOP-GPKURBV" failures="0" tests="18" name="runner.TestRunnertestNG" time="28.464" errors="0" timestamp="2023-11-15T13:16:40 CST" skipped="0">
  <testcase classname="runner.TestRunnertestNG" name="runScenario" time="0.427"/>
  <system-out/>
  <testcase classname="runner.TestRunnertestNG" name="runScenario" time="0.563"/>
  <system-out/>
  <testcase classname="runner.TestRunnertestNG" name="runScenario" time="0.262"/>
  <system-out/>
  <testcase classname="runner.TestRunnertestNG" name="runScenario" time="0.531"/>
  <system-out/>
  <testcase classname="runner.TestRunnertestNG" name="runScenario" time="15.628"/>
  <system-out/>
  <testcase classname="runner.TestRunnertestNG" name="runScenario" time="1.139"/>
  <system-out/>
  <testcase classname="runner.TestRunnertestNG" name="runScenario" time="0.321"/>
  <system-out/>
  <testcase classname="runner.TestRunnertestNG" name="runScenario" time="1.618"/>
  <system-out/>
  <testcase classname="runner.TestRunnertestNG" name="runScenario" time="0.808"/>
  <system-out/>
  <testcase classname="runner.TestRunnertestNG" name="runScenario" time="0.179"/>
  <system-out/>
  <testcase classname="runner.TestRunnertestNG" name="runScenario" time="0.545"/>
  <system-out/>
  <testcase classname="runner.TestRunnertestNG" name="runScenario" time="0.649"/>
  <system-out/>
  <testcase classname="runner.TestRunnertestNG" name="runScenario" time="0.620"/>
  <system-out/>
  <testcase classname="runner.TestRunnertestNG" name="runScenario" time="0.836"/>
  <system-out/>
  <testcase classname="runner.TestRunnertestNG" name="runScenario" time="0.474"/>
  <system-out/>
  <testcase classname="runner.TestRunnertestNG" name="runScenario" time="1.868"/>
  <system-out/>
  <testcase classname="runner.TestRunnertestNG" name="runScenario" time="1.411"/>
  <system-out/>
  <testcase classname="runner.TestRunnertestNG" name="runScenario" time="0.585"/>
  <system-out/>
</testsuite> <!-- runner.TestRunnertestNG -->
